[debug] [2020-11-11T22:12:19.119Z] ----------------------------------------------------------------------
[debug] [2020-11-11T22:12:19.121Z] Command:       /usr/local/bin/node /usr/local/bin/firebase emulators:start --only auth,firestore
[debug] [2020-11-11T22:12:19.121Z] CLI Version:   8.15.1
[debug] [2020-11-11T22:12:19.121Z] Platform:      darwin
[debug] [2020-11-11T22:12:19.121Z] Node Version:  v14.8.0
[debug] [2020-11-11T22:12:19.122Z] Time:          Wed Nov 11 2020 14:12:19 GMT-0800 (Pacific Standard Time)
[debug] [2020-11-11T22:12:19.122Z] ----------------------------------------------------------------------
[debug] [2020-11-11T22:12:19.122Z] 
[debug] [2020-11-11T22:12:19.131Z] > command requires scopes: ["email","openid","https://www.googleapis.com/auth/cloudplatformprojects.readonly","https://www.googleapis.com/auth/firebase","https://www.googleapis.com/auth/cloud-platform"]
[debug] [2020-11-11T22:12:19.132Z] > authorizing via signed-in user
[info] i  emulators: Starting emulators: auth, firestore {"metadata":{"emulator":{"name":"hub"},"message":"Starting emulators: auth, firestore"}}
[warn] ⚠  emulators: It seems that you are running multiple instances of the emulator suite for project electroblocks-test. This may result in unexpected behavior. 
[debug] [2020-11-11T22:12:19.168Z] [hub] writing locator at /var/folders/p5/wbf7ybxn6xq25rw8tvws7s7m0000gn/T/hub-electroblocks-test.json
[debug] [2020-11-11T22:12:19.215Z] Ignoring unsupported arg: projectId {"metadata":{"emulator":{"name":"firestore"},"message":"Ignoring unsupported arg: projectId"}}
[debug] [2020-11-11T22:12:19.216Z] Ignoring unsupported arg: auto_download {"metadata":{"emulator":{"name":"firestore"},"message":"Ignoring unsupported arg: auto_download"}}
[debug] [2020-11-11T22:12:19.216Z] Starting Firestore Emulator with command {"binary":"java","args":["-Duser.language=en","-jar","/Users/noahglaser/.cache/firebase/emulators/cloud-firestore-emulator-v1.11.9.jar","--host","localhost","--port",8080,"--rules","/Users/noahglaser/project/education/EBV3/firestore.rules"],"optionalArgs":["port","webchannel_port","host","rules","functions_emulator","seed_from_export"],"joinArgs":false} {"metadata":{"emulator":{"name":"firestore"},"message":"Starting Firestore Emulator with command {\"binary\":\"java\",\"args\":[\"-Duser.language=en\",\"-jar\",\"/Users/noahglaser/.cache/firebase/emulators/cloud-firestore-emulator-v1.11.9.jar\",\"--host\",\"localhost\",\"--port\",8080,\"--rules\",\"/Users/noahglaser/project/education/EBV3/firestore.rules\"],\"optionalArgs\":[\"port\",\"webchannel_port\",\"host\",\"rules\",\"functions_emulator\",\"seed_from_export\"],\"joinArgs\":false}"}}
[info] i  firestore: Firestore Emulator logging to firestore-debug.log {"metadata":{"emulator":{"name":"firestore"},"message":"Firestore Emulator logging to \u001b[1mfirestore-debug.log\u001b[22m"}}
[debug] [2020-11-11T22:12:20.792Z] API endpoint: http://localhost: {"metadata":{"emulator":{"name":"firestore"},"message":"API endpoint: http://localhost:"}}
[debug] [2020-11-11T22:12:20.792Z] 8080
If you are using a library that supports the FIRESTORE_EMULATOR_HOST environment variable, run:

   export FIRESTORE_EMULATOR_HOST=localhost:8080

Dev App Server is now running.

 {"metadata":{"emulator":{"name":"firestore"},"message":"8080\nIf you are using a library that supports the FIRESTORE_EMULATOR_HOST environment variable, run:\n\n   export FIRESTORE_EMULATOR_HOST=localhost:8080\n\nDev App Server is now running.\n\n"}}
[debug] [2020-11-11T22:12:23.488Z] Ignoring unsupported arg: auto_download {"metadata":{"emulator":{"name":"ui"},"message":"Ignoring unsupported arg: auto_download"}}
[debug] [2020-11-11T22:12:23.488Z] Ignoring unsupported arg: port {"metadata":{"emulator":{"name":"ui"},"message":"Ignoring unsupported arg: port"}}
[debug] [2020-11-11T22:12:23.488Z] Starting Emulator UI with command {"binary":"node","args":["/Users/noahglaser/.cache/firebase/emulators/ui-v1.2.2/server.bundle.js"],"optionalArgs":[],"joinArgs":false} {"metadata":{"emulator":{"name":"ui"},"message":"Starting Emulator UI with command {\"binary\":\"node\",\"args\":[\"/Users/noahglaser/.cache/firebase/emulators/ui-v1.2.2/server.bundle.js\"],\"optionalArgs\":[],\"joinArgs\":false}"}}
[info] i  ui: Emulator UI logging to ui-debug.log {"metadata":{"emulator":{"name":"ui"},"message":"Emulator UI logging to \u001b[1mui-debug.log\u001b[22m"}}
[debug] [2020-11-11T22:12:23.601Z] Web / API server started at http://localhost:2321
 {"metadata":{"emulator":{"name":"ui"},"message":"Web / API server started at http://localhost:2321\n"}}
[info] 
┌───────────────────────────────────────────────────────────────────────┐
│ ✔  All emulators ready! View status and logs at http://localhost:2321 │
└───────────────────────────────────────────────────────────────────────┘

┌────────────────┬────────────────┬─────────────────────────────────┐
│ Emulator       │ Host:Port      │ View in Emulator UI             │
├────────────────┼────────────────┼─────────────────────────────────┤
│ Authentication │ localhost:9099 │ http://localhost:2321/auth      │
├────────────────┼────────────────┼─────────────────────────────────┤
│ Firestore      │ localhost:8080 │ http://localhost:2321/firestore │
└────────────────┴────────────────┴─────────────────────────────────┘
  Other reserved ports: 4400, 4500

Issues? Report them at https://github.com/firebase/firebase-tools/issues and attach the *-debug.log files.
 
